<?xml version="1.0" encoding="UTF-8"?>
<!-- Generated by org.testng.reporters.JUnitReportReporter -->
<testsuite hostname="DESKTOP-JEEIR2S" failures="0" tests="1" name="Tests.Myacctest" time="46.412" errors="0" timestamp="2023-07-06T10:52:52 IST" skipped="0">
  <testcase classname="Tests.Myacctest" name="perform" time="46.412"/>
  <system-out/>
</testsuite> <!-- Tests.Myacctest -->
